<?xml version="1.0" encoding="UTF-8"?>
<!-- Generated by org.testng.reporters.JUnitXMLReporter -->
<testsuite hostname="Bablu" ignored="0" name="Chrome" tests="5" failures="0" timestamp="2021-05-16T23:22:23 IST" time="55.499" errors="0">
  <testcase name="scheduleYourTestNew" time="17.128" classname="com.beepermd.pages.BookAppointments"/>
  <testcase name="scheduleYourTestNew" time="18.113" classname="com.beepermd.pages.BookAppointments"/>
  <testcase name="scheduleYourTestNew" time="19.86" classname="com.beepermd.pages.BookAppointments"/>
  <testcase name="scheduleYourTestNew" time="29.827" classname="com.beepermd.pages.BookAppointments"/>
  <testcase name="scheduleYourTestNew" time="35.679" classname="com.beepermd.pages.BookAppointments"/>
</testsuite> <!-- Chrome -->
