<?xml version="1.0" encoding="UTF-8"?>
<!-- Generated by org.testng.reporters.JUnitXMLReporter -->
<testsuite hostname="Bablu" ignored="0" name="Chrome" tests="5" failures="0" timestamp="2021-05-16T22:53:32 IST" time="55.546" errors="0">
  <testcase name="scheduleYourTestNew" time="18.164" classname="com.beepermd.pages.BookAppointments"/>
  <testcase name="scheduleYourTestNew" time="17.355" classname="com.beepermd.pages.BookAppointments"/>
  <testcase name="scheduleYourTestNew" time="20.124" classname="com.beepermd.pages.BookAppointments"/>
  <testcase name="scheduleYourTestNew" time="29.081" classname="com.beepermd.pages.BookAppointments"/>
  <testcase name="scheduleYourTestNew" time="33.474" classname="com.beepermd.pages.BookAppointments"/>
</testsuite> <!-- Chrome -->
